<?xml version="1.0" encoding="UTF-8"?>
<testng-results ignored="0" total="1" passed="1" failed="0" skipped="0">
  <reporter-output>
  </reporter-output>
  <suite started-at="2023-08-01T00:33:41 IST" name="Default suite" finished-at="2023-08-01T00:34:13 IST" duration-ms="32382">
    <groups>
    </groups>
    <test started-at="2023-08-01T00:33:41 IST" name="Default test" finished-at="2023-08-01T00:34:13 IST" duration-ms="32382">
      <class name="Login_PageTest.loginPageTest">
        <test-method signature="toLogin()[pri:0, instance:Login_PageTest.loginPageTest@581ac8a8]" started-at="2023-08-01T00:33:41 IST" name="toLogin" finished-at="2023-08-01T00:34:13 IST" duration-ms="32342" status="PASS">
          <reporter-output>
          </reporter-output>
        </test-method> <!-- toLogin -->
      </class> <!-- Login_PageTest.loginPageTest -->
    </test> <!-- Default test -->
  </suite> <!-- Default suite -->
</testng-results>
